<?xml version="1.0" encoding="UTF-8"?>
<!-- Generated by org.testng.reporters.JUnitReportReporter -->
<testsuite hostname="DELL0555" failures="0" tests="3" name="TestRunner.TestRunner_NG" time="57.536" errors="0" timestamp="2022-09-28T11:33:02 IST" skipped="0">
  <testcase classname="TestRunner.TestRunner_NG" name="runScenario" time="16.279"/>
  <system-out/>
  <testcase classname="TestRunner.TestRunner_NG" name="runScenario" time="21.839"/>
  <system-out/>
  <testcase classname="TestRunner.TestRunner_NG" name="runScenario" time="19.418"/>
  <system-out/>
</testsuite> <!-- TestRunner.TestRunner_NG -->
