<?xml version="1.0" encoding="UTF-8"?>
<!-- Generated by org.testng.reporters.JUnitReportReporter -->
<testsuite hostname="DELL0451" failures="0" tests="3" name="TestRunner.TestRunner" time="78.636" errors="0" timestamp="2022-10-06T16:44:05 IST" skipped="0">
  <testcase classname="TestRunner.TestRunner" name="runScenario" time="25.590"/>
  <system-out/>
  <testcase classname="TestRunner.TestRunner" name="runScenario" time="26.955"/>
  <system-out/>
  <testcase classname="TestRunner.TestRunner" name="runScenario" time="26.091"/>
  <system-out/>
</testsuite> <!-- TestRunner.TestRunner -->
